This is pdfTeX, Version 3.14159265-2.6-1.40.19 (TeX Live 2018) (preloaded format=pdflatex 2018.11.17)  15 MAR 2019 22:06
entering extended mode
 restricted \write18 enabled.
 %&-line parsing enabled.
**seminar_paper.tex
(./seminar_paper.tex
LaTeX2e <2018-04-01> patch level 2
Babel <3.18> and hyphenation patterns for 84 language(s) loaded.
(/usr/local/texlive/2018/texmf-dist/tex/latex/base/article.cls
Document Class: article 2014/09/29 v1.4h Standard LaTeX document class
(/usr/local/texlive/2018/texmf-dist/tex/latex/base/size11.clo
File: size11.clo 2014/09/29 v1.4h Standard LaTeX file (size option)
)
\c@part=\count80
\c@section=\count81
\c@subsection=\count82
\c@subsubsection=\count83
\c@paragraph=\count84
\c@subparagraph=\count85
\c@figure=\count86
\c@table=\count87
\abovecaptionskip=\skip41
\belowcaptionskip=\skip42
\bibindent=\dimen102
)
(/usr/local/texlive/2018/texmf-dist/tex/latex/amsmath/amsmath.sty
Package: amsmath 2017/09/02 v2.17a AMS math features
\@mathmargin=\skip43

For additional information on amsmath, use the `?' option.
(/usr/local/texlive/2018/texmf-dist/tex/latex/amsmath/amstext.sty
Package: amstext 2000/06/29 v2.01 AMS text

(/usr/local/texlive/2018/texmf-dist/tex/latex/amsmath/amsgen.sty
File: amsgen.sty 1999/11/30 v2.0 generic functions
\@emptytoks=\toks14
\ex@=\dimen103
))
(/usr/local/texlive/2018/texmf-dist/tex/latex/amsmath/amsbsy.sty
Package: amsbsy 1999/11/29 v1.2d Bold Symbols
\pmbraise@=\dimen104
)
(/usr/local/texlive/2018/texmf-dist/tex/latex/amsmath/amsopn.sty
Package: amsopn 2016/03/08 v2.02 operator names
)
\inf@bad=\count88
LaTeX Info: Redefining \frac on input line 213.
\uproot@=\count89
\leftroot@=\count90
LaTeX Info: Redefining \overline on input line 375.
\classnum@=\count91
\DOTSCASE@=\count92
LaTeX Info: Redefining \ldots on input line 472.
LaTeX Info: Redefining \dots on input line 475.
LaTeX Info: Redefining \cdots on input line 596.
\Mathstrutbox@=\box26
\strutbox@=\box27
\big@size=\dimen105
LaTeX Font Info:    Redeclaring font encoding OML on input line 712.
LaTeX Font Info:    Redeclaring font encoding OMS on input line 713.
\macc@depth=\count93
\c@MaxMatrixCols=\count94
\dotsspace@=\muskip10
\c@parentequation=\count95
\dspbrk@lvl=\count96
\tag@help=\toks15
\row@=\count97
\column@=\count98
\maxfields@=\count99
\andhelp@=\toks16
\eqnshift@=\dimen106
\alignsep@=\dimen107
\tagshift@=\dimen108
\tagwidth@=\dimen109
\totwidth@=\dimen110
\lineht@=\dimen111
\@envbody=\toks17
\multlinegap=\skip44
\multlinetaggap=\skip45
\mathdisplay@stack=\toks18
LaTeX Info: Redefining \[ on input line 2817.
LaTeX Info: Redefining \] on input line 2818.
)
(/usr/local/texlive/2018/texmf-dist/tex/latex/amsfonts/amssymb.sty
Package: amssymb 2013/01/14 v3.01 AMS font symbols

(/usr/local/texlive/2018/texmf-dist/tex/latex/amsfonts/amsfonts.sty
Package: amsfonts 2013/01/14 v3.01 Basic AMSFonts support
\symAMSa=\mathgroup4
\symAMSb=\mathgroup5
LaTeX Font Info:    Overwriting math alphabet `\mathfrak' in version `bold'
(Font)                  U/euf/m/n --> U/euf/b/n on input line 106.
))
(/usr/local/texlive/2018/texmf-dist/tex/latex/amscls/amsthm.sty
Package: amsthm 2017/10/31 v2.20.4
\thm@style=\toks19
\thm@bodyfont=\toks20
\thm@headfont=\toks21
\thm@notefont=\toks22
\thm@headpunct=\toks23
\thm@preskip=\skip46
\thm@postskip=\skip47
\thm@headsep=\skip48
\dth@everypar=\toks24
)
(/usr/local/texlive/2018/texmf-dist/tex/latex/graphics/graphicx.sty
Package: graphicx 2017/06/01 v1.1a Enhanced LaTeX Graphics (DPC,SPQR)

(/usr/local/texlive/2018/texmf-dist/tex/latex/graphics/keyval.sty
Package: keyval 2014/10/28 v1.15 key=value parser (DPC)
\KV@toks@=\toks25
)
(/usr/local/texlive/2018/texmf-dist/tex/latex/graphics/graphics.sty
Package: graphics 2017/06/25 v1.2c Standard LaTeX Graphics (DPC,SPQR)

(/usr/local/texlive/2018/texmf-dist/tex/latex/graphics/trig.sty
Package: trig 2016/01/03 v1.10 sin cos tan (DPC)
)
(/usr/local/texlive/2018/texmf-dist/tex/latex/graphics-cfg/graphics.cfg
File: graphics.cfg 2016/06/04 v1.11 sample graphics configuration
)
Package graphics Info: Driver file: pdftex.def on input line 99.

(/usr/local/texlive/2018/texmf-dist/tex/latex/graphics-def/pdftex.def
File: pdftex.def 2018/01/08 v1.0l Graphics/color driver for pdftex
))
\Gin@req@height=\dimen112
\Gin@req@width=\dimen113
)
(/usr/local/texlive/2018/texmf-dist/tex/latex/hyperref/hyperref.sty
Package: hyperref 2018/02/06 v6.86b Hypertext links for LaTeX

(/usr/local/texlive/2018/texmf-dist/tex/generic/oberdiek/hobsub-hyperref.sty
Package: hobsub-hyperref 2016/05/16 v1.14 Bundle oberdiek, subset hyperref (HO)


(/usr/local/texlive/2018/texmf-dist/tex/generic/oberdiek/hobsub-generic.sty
Package: hobsub-generic 2016/05/16 v1.14 Bundle oberdiek, subset generic (HO)
Package: hobsub 2016/05/16 v1.14 Construct package bundles (HO)
Package: infwarerr 2016/05/16 v1.4 Providing info/warning/error messages (HO)
Package: ltxcmds 2016/05/16 v1.23 LaTeX kernel commands for general use (HO)
Package: ifluatex 2016/05/16 v1.4 Provides the ifluatex switch (HO)
Package ifluatex Info: LuaTeX not detected.
Package: ifvtex 2016/05/16 v1.6 Detect VTeX and its facilities (HO)
Package ifvtex Info: VTeX not detected.
Package: intcalc 2016/05/16 v1.2 Expandable calculations with integers (HO)
Package: ifpdf 2017/03/15 v3.2 Provides the ifpdf switch
Package: etexcmds 2016/05/16 v1.6 Avoid name clashes with e-TeX commands (HO)
Package etexcmds Info: Could not find \expanded.
(etexcmds)             That can mean that you are not using pdfTeX 1.50 or
(etexcmds)             that some package has redefined \expanded.
(etexcmds)             In the latter case, load this package earlier.
Package: kvsetkeys 2016/05/16 v1.17 Key value parser (HO)
Package: kvdefinekeys 2016/05/16 v1.4 Define keys (HO)
Package: pdftexcmds 2018/01/30 v0.27 Utility functions of pdfTeX for LuaTeX (HO
)
Package pdftexcmds Info: LuaTeX not detected.
Package pdftexcmds Info: \pdf@primitive is available.
Package pdftexcmds Info: \pdf@ifprimitive is available.
Package pdftexcmds Info: \pdfdraftmode found.
Package: pdfescape 2016/05/16 v1.14 Implements pdfTeX's escape features (HO)
Package: bigintcalc 2016/05/16 v1.4 Expandable calculations on big integers (HO
)
Package: bitset 2016/05/16 v1.2 Handle bit-vector datatype (HO)
Package: uniquecounter 2016/05/16 v1.3 Provide unlimited unique counter (HO)
)
Package hobsub Info: Skipping package `hobsub' (already loaded).
Package: letltxmacro 2016/05/16 v1.5 Let assignment for LaTeX macros (HO)
Package: hopatch 2016/05/16 v1.3 Wrapper for package hooks (HO)
Package: xcolor-patch 2016/05/16 xcolor patch
Package: atveryend 2016/05/16 v1.9 Hooks at the very end of document (HO)
Package atveryend Info: \enddocument detected (standard20110627).
Package: atbegshi 2016/06/09 v1.18 At begin shipout hook (HO)
Package: refcount 2016/05/16 v3.5 Data extraction from label references (HO)
Package: hycolor 2016/05/16 v1.8 Color options for hyperref/bookmark (HO)
)
(/usr/local/texlive/2018/texmf-dist/tex/generic/ifxetex/ifxetex.sty
Package: ifxetex 2010/09/12 v0.6 Provides ifxetex conditional
)
(/usr/local/texlive/2018/texmf-dist/tex/latex/oberdiek/auxhook.sty
Package: auxhook 2016/05/16 v1.4 Hooks for auxiliary files (HO)
)
(/usr/local/texlive/2018/texmf-dist/tex/latex/oberdiek/kvoptions.sty
Package: kvoptions 2016/05/16 v3.12 Key value format for package options (HO)
)
\@linkdim=\dimen114
\Hy@linkcounter=\count100
\Hy@pagecounter=\count101

(/usr/local/texlive/2018/texmf-dist/tex/latex/hyperref/pd1enc.def
File: pd1enc.def 2018/02/06 v6.86b Hyperref: PDFDocEncoding definition (HO)
Now handling font encoding PD1 ...
... no UTF-8 mapping file for font encoding PD1
)
\Hy@SavedSpaceFactor=\count102

(/usr/local/texlive/2018/texmf-dist/tex/latex/latexconfig/hyperref.cfg
File: hyperref.cfg 2002/06/06 v1.2 hyperref configuration of TeXLive
)
Package hyperref Info: Hyper figures OFF on input line 4509.
Package hyperref Info: Link nesting OFF on input line 4514.
Package hyperref Info: Hyper index ON on input line 4517.
Package hyperref Info: Plain pages OFF on input line 4524.
Package hyperref Info: Backreferencing OFF on input line 4529.
Package hyperref Info: Implicit mode ON; LaTeX internals redefined.
Package hyperref Info: Bookmarks ON on input line 4762.
\c@Hy@tempcnt=\count103

(/usr/local/texlive/2018/texmf-dist/tex/latex/url/url.sty
\Urlmuskip=\muskip11
Package: url 2013/09/16  ver 3.4  Verb mode for urls, etc.
)
LaTeX Info: Redefining \url on input line 5115.
\XeTeXLinkMargin=\dimen115
\Fld@menulength=\count104
\Field@Width=\dimen116
\Fld@charsize=\dimen117
Package hyperref Info: Hyper figures OFF on input line 6369.
Package hyperref Info: Link nesting OFF on input line 6374.
Package hyperref Info: Hyper index ON on input line 6377.
Package hyperref Info: backreferencing OFF on input line 6384.
Package hyperref Info: Link coloring OFF on input line 6389.
Package hyperref Info: Link coloring with OCG OFF on input line 6394.
Package hyperref Info: PDF/A mode OFF on input line 6399.
LaTeX Info: Redefining \ref on input line 6439.
LaTeX Info: Redefining \pageref on input line 6443.
\Hy@abspage=\count105
\c@Item=\count106
\c@Hfootnote=\count107
)
Package hyperref Info: Driver (autodetected): hpdftex.

(/usr/local/texlive/2018/texmf-dist/tex/latex/hyperref/hpdftex.def
File: hpdftex.def 2018/02/06 v6.86b Hyperref driver for pdfTeX
\Fld@listcount=\count108
\c@bookmark@seq@number=\count109

(/usr/local/texlive/2018/texmf-dist/tex/latex/oberdiek/rerunfilecheck.sty
Package: rerunfilecheck 2016/05/16 v1.8 Rerun checks for auxiliary files (HO)
Package uniquecounter Info: New unique counter `rerunfilecheck' on input line 2
82.
)
\Hy@SectionHShift=\skip49
)
(/usr/local/texlive/2018/texmf-dist/tex/latex/natbib/natbib.sty
Package: natbib 2010/09/13 8.31b (PWD, AO)
\bibhang=\skip50
\bibsep=\skip51
LaTeX Info: Redefining \cite on input line 694.
\c@NAT@ctr=\count110
)
(/usr/local/texlive/2018/texmf-dist/tex/latex/caption/caption.sty
Package: caption 2016/02/21 v3.3-144 Customizing captions (AR)

(/usr/local/texlive/2018/texmf-dist/tex/latex/caption/caption3.sty
Package: caption3 2016/05/22 v1.7-166 caption3 kernel (AR)
Package caption3 Info: TeX engine: e-TeX on input line 67.
\captionmargin=\dimen118
\captionmargin@=\dimen119
\captionwidth=\dimen120
\caption@tempdima=\dimen121
\caption@indent=\dimen122
\caption@parindent=\dimen123
\caption@hangindent=\dimen124
)
\c@ContinuedFloat=\count111
Package caption Info: hyperref package is loaded.
)
(/usr/local/texlive/2018/texmf-dist/tex/latex/base/inputenc.sty
Package: inputenc 2018/04/06 v1.3b Input encoding file
\inpenc@prehook=\toks26
\inpenc@posthook=\toks27
)
(/usr/local/texlive/2018/texmf-dist/tex/latex/base/fontenc.sty
Package: fontenc 2017/04/05 v2.0i Standard LaTeX package

(/usr/local/texlive/2018/texmf-dist/tex/latex/base/t1enc.def
File: t1enc.def 2017/04/05 v2.0i Standard LaTeX file
LaTeX Font Info:    Redeclaring font encoding T1 on input line 48.
))
(/usr/local/texlive/2018/texmf-dist/tex/generic/babel/babel.sty
Package: babel 2018/02/14 3.18 The Babel package

(/usr/local/texlive/2018/texmf-dist/tex/generic/babel/switch.def
File: switch.def 2018/02/14 3.18 Babel switching mechanism
)
(/usr/local/texlive/2018/texmf-dist/tex/generic/babel-english/english.ldf
Language: english 2017/06/06 v3.3r English support from the babel system

(/usr/local/texlive/2018/texmf-dist/tex/generic/babel/babel.def
File: babel.def 2018/02/14 3.18 Babel common definitions
\babel@savecnt=\count112
\U@D=\dimen125

(/usr/local/texlive/2018/texmf-dist/tex/generic/babel/txtbabel.def)
\bbl@dirlevel=\count113
)
\l@canadian = a dialect from \language\l@american 
\l@australian = a dialect from \language\l@british 
\l@newzealand = a dialect from \language\l@british 
))
(/usr/local/texlive/2018/texmf-dist/tex/latex/listings/listings.sty
\lst@mode=\count114
\lst@gtempboxa=\box28
\lst@token=\toks28
\lst@length=\count115
\lst@currlwidth=\dimen126
\lst@column=\count116
\lst@pos=\count117
\lst@lostspace=\dimen127
\lst@width=\dimen128
\lst@newlines=\count118
\lst@lineno=\count119
\lst@maxwidth=\dimen129

(/usr/local/texlive/2018/texmf-dist/tex/latex/listings/lstmisc.sty
File: lstmisc.sty 2015/06/04 1.6 (Carsten Heinz)
\c@lstnumber=\count120
\lst@skipnumbers=\count121
\lst@framebox=\box29
)
(/usr/local/texlive/2018/texmf-dist/tex/latex/listings/listings.cfg
File: listings.cfg 2015/06/04 1.6 listings configuration
))
Package: listings 2015/06/04 1.6 (Carsten Heinz)

(/usr/local/texlive/2018/texmf-dist/tex/latex/xcolor/xcolor.sty
Package: xcolor 2016/05/11 v2.12 LaTeX color extensions (UK)

(/usr/local/texlive/2018/texmf-dist/tex/latex/graphics-cfg/color.cfg
File: color.cfg 2016/01/02 v1.6 sample color configuration
)
Package xcolor Info: Driver file: pdftex.def on input line 225.
Package xcolor Info: Model `cmy' substituted by `cmy0' on input line 1348.
Package xcolor Info: Model `hsb' substituted by `rgb' on input line 1352.
Package xcolor Info: Model `RGB' extended on input line 1364.
Package xcolor Info: Model `HTML' substituted by `rgb' on input line 1366.
Package xcolor Info: Model `Hsb' substituted by `hsb' on input line 1367.
Package xcolor Info: Model `tHsb' substituted by `hsb' on input line 1368.
Package xcolor Info: Model `HSB' substituted by `hsb' on input line 1369.
Package xcolor Info: Model `Gray' substituted by `gray' on input line 1370.
Package xcolor Info: Model `wave' substituted by `hsb' on input line 1371.
)
(/usr/local/texlive/2018/texmf-dist/tex/latex/eso-pic/eso-pic.sty
Package: eso-pic 2015/07/21 v2.0g eso-pic (RN)
)
(/usr/local/texlive/2018/texmf-dist/tex/latex/jknapltx/mathrsfs.sty
Package: mathrsfs 1996/01/01 Math RSFS package v1.0 (jk)
\symrsfs=\mathgroup6
)
(/usr/local/texlive/2018/texmf-dist/tex/latex/multirow/multirow.sty
Package: multirow 2016/11/25 v2.2 Span multiple rows of a table
\multirow@colwidth=\skip52
\multirow@cntb=\count122
\multirow@dima=\skip53
\bigstrutjot=\dimen130
)
(/usr/local/texlive/2018/texmf-dist/tex/latex/booktabs/booktabs.sty
Package: booktabs 2016/04/27 v1.618033 publication quality tables
\heavyrulewidth=\dimen131
\lightrulewidth=\dimen132
\cmidrulewidth=\dimen133
\belowrulesep=\dimen134
\belowbottomsep=\dimen135
\aboverulesep=\dimen136
\abovetopsep=\dimen137
\cmidrulesep=\dimen138
\cmidrulekern=\dimen139
\defaultaddspace=\dimen140
\@cmidla=\count123
\@cmidlb=\count124
\@aboverulesep=\dimen141
\@belowrulesep=\dimen142
\@thisruleclass=\count125
\@lastruleclass=\count126
\@thisrulewidth=\dimen143
)
(/usr/local/texlive/2018/texmf-dist/tex/latex/pgf/frontendlayer/tikz.sty
(/usr/local/texlive/2018/texmf-dist/tex/latex/pgf/basiclayer/pgf.sty
(/usr/local/texlive/2018/texmf-dist/tex/latex/pgf/utilities/pgfrcs.sty
(/usr/local/texlive/2018/texmf-dist/tex/generic/pgf/utilities/pgfutil-common.te
x
\pgfutil@everybye=\toks29
\pgfutil@tempdima=\dimen144
\pgfutil@tempdimb=\dimen145

(/usr/local/texlive/2018/texmf-dist/tex/generic/pgf/utilities/pgfutil-common-li
sts.tex))
(/usr/local/texlive/2018/texmf-dist/tex/generic/pgf/utilities/pgfutil-latex.def
\pgfutil@abb=\box30
(/usr/local/texlive/2018/texmf-dist/tex/latex/ms/everyshi.sty
Package: everyshi 2001/05/15 v3.00 EveryShipout Package (MS)
))
(/usr/local/texlive/2018/texmf-dist/tex/generic/pgf/utilities/pgfrcs.code.tex
Package: pgfrcs 2015/08/07 v3.0.1a (rcs-revision 1.31)
))
Package: pgf 2015/08/07 v3.0.1a (rcs-revision 1.15)
(/usr/local/texlive/2018/texmf-dist/tex/latex/pgf/basiclayer/pgfcore.sty
(/usr/local/texlive/2018/texmf-dist/tex/latex/pgf/systemlayer/pgfsys.sty
(/usr/local/texlive/2018/texmf-dist/tex/generic/pgf/systemlayer/pgfsys.code.tex
Package: pgfsys 2014/07/09 v3.0.1a (rcs-revision 1.48)
(/usr/local/texlive/2018/texmf-dist/tex/generic/pgf/utilities/pgfkeys.code.tex
\pgfkeys@pathtoks=\toks30
\pgfkeys@temptoks=\toks31

(/usr/local/texlive/2018/texmf-dist/tex/generic/pgf/utilities/pgfkeysfiltered.c
ode.tex
\pgfkeys@tmptoks=\toks32
))
\pgf@x=\dimen146
\pgf@y=\dimen147
\pgf@xa=\dimen148
\pgf@ya=\dimen149
\pgf@xb=\dimen150
\pgf@yb=\dimen151
\pgf@xc=\dimen152
\pgf@yc=\dimen153
\w@pgf@writea=\write3
\r@pgf@reada=\read1
\c@pgf@counta=\count127
\c@pgf@countb=\count128
\c@pgf@countc=\count129
\c@pgf@countd=\count130
\t@pgf@toka=\toks33
\t@pgf@tokb=\toks34
\t@pgf@tokc=\toks35

(/usr/local/texlive/2018/texmf-dist/tex/generic/pgf/systemlayer/pgf.cfg
File: pgf.cfg 2008/05/14  (rcs-revision 1.7)
)
Driver file for pgf: pgfsys-pdftex.def

(/usr/local/texlive/2018/texmf-dist/tex/generic/pgf/systemlayer/pgfsys-pdftex.d
ef
File: pgfsys-pdftex.def 2014/10/11  (rcs-revision 1.35)

(/usr/local/texlive/2018/texmf-dist/tex/generic/pgf/systemlayer/pgfsys-common-p
df.def
File: pgfsys-common-pdf.def 2013/10/10  (rcs-revision 1.13)
)))
(/usr/local/texlive/2018/texmf-dist/tex/generic/pgf/systemlayer/pgfsyssoftpath.
code.tex
File: pgfsyssoftpath.code.tex 2013/09/09  (rcs-revision 1.9)
\pgfsyssoftpath@smallbuffer@items=\count131
\pgfsyssoftpath@bigbuffer@items=\count132
)
(/usr/local/texlive/2018/texmf-dist/tex/generic/pgf/systemlayer/pgfsysprotocol.
code.tex
File: pgfsysprotocol.code.tex 2006/10/16  (rcs-revision 1.4)
))
(/usr/local/texlive/2018/texmf-dist/tex/generic/pgf/basiclayer/pgfcore.code.tex
Package: pgfcore 2010/04/11 v3.0.1a (rcs-revision 1.7)
(/usr/local/texlive/2018/texmf-dist/tex/generic/pgf/math/pgfmath.code.tex
(/usr/local/texlive/2018/texmf-dist/tex/generic/pgf/math/pgfmathcalc.code.tex
(/usr/local/texlive/2018/texmf-dist/tex/generic/pgf/math/pgfmathutil.code.tex)
(/usr/local/texlive/2018/texmf-dist/tex/generic/pgf/math/pgfmathparser.code.tex
\pgfmath@dimen=\dimen154
\pgfmath@count=\count133
\pgfmath@box=\box31
\pgfmath@toks=\toks36
\pgfmath@stack@operand=\toks37
\pgfmath@stack@operation=\toks38
)
(/usr/local/texlive/2018/texmf-dist/tex/generic/pgf/math/pgfmathfunctions.code.
tex
(/usr/local/texlive/2018/texmf-dist/tex/generic/pgf/math/pgfmathfunctions.basic
.code.tex)
(/usr/local/texlive/2018/texmf-dist/tex/generic/pgf/math/pgfmathfunctions.trigo
nometric.code.tex)
(/usr/local/texlive/2018/texmf-dist/tex/generic/pgf/math/pgfmathfunctions.rando
m.code.tex)
(/usr/local/texlive/2018/texmf-dist/tex/generic/pgf/math/pgfmathfunctions.compa
rison.code.tex)
(/usr/local/texlive/2018/texmf-dist/tex/generic/pgf/math/pgfmathfunctions.base.
code.tex)
(/usr/local/texlive/2018/texmf-dist/tex/generic/pgf/math/pgfmathfunctions.round
.code.tex)
(/usr/local/texlive/2018/texmf-dist/tex/generic/pgf/math/pgfmathfunctions.misc.
code.tex)
(/usr/local/texlive/2018/texmf-dist/tex/generic/pgf/math/pgfmathfunctions.integ
erarithmetics.code.tex)))
(/usr/local/texlive/2018/texmf-dist/tex/generic/pgf/math/pgfmathfloat.code.tex
\c@pgfmathroundto@lastzeros=\count134
))
(/usr/local/texlive/2018/texmf-dist/tex/generic/pgf/basiclayer/pgfcorepoints.co
de.tex
File: pgfcorepoints.code.tex 2013/10/07  (rcs-revision 1.27)
\pgf@picminx=\dimen155
\pgf@picmaxx=\dimen156
\pgf@picminy=\dimen157
\pgf@picmaxy=\dimen158
\pgf@pathminx=\dimen159
\pgf@pathmaxx=\dimen160
\pgf@pathminy=\dimen161
\pgf@pathmaxy=\dimen162
\pgf@xx=\dimen163
\pgf@xy=\dimen164
\pgf@yx=\dimen165
\pgf@yy=\dimen166
\pgf@zx=\dimen167
\pgf@zy=\dimen168
)
(/usr/local/texlive/2018/texmf-dist/tex/generic/pgf/basiclayer/pgfcorepathconst
ruct.code.tex
File: pgfcorepathconstruct.code.tex 2013/10/07  (rcs-revision 1.29)
\pgf@path@lastx=\dimen169
\pgf@path@lasty=\dimen170
)
(/usr/local/texlive/2018/texmf-dist/tex/generic/pgf/basiclayer/pgfcorepathusage
.code.tex
File: pgfcorepathusage.code.tex 2014/11/02  (rcs-revision 1.24)
\pgf@shorten@end@additional=\dimen171
\pgf@shorten@start@additional=\dimen172
)
(/usr/local/texlive/2018/texmf-dist/tex/generic/pgf/basiclayer/pgfcorescopes.co
de.tex
File: pgfcorescopes.code.tex 2015/05/08  (rcs-revision 1.46)
\pgfpic=\box32
\pgf@hbox=\box33
\pgf@layerbox@main=\box34
\pgf@picture@serial@count=\count135
)
(/usr/local/texlive/2018/texmf-dist/tex/generic/pgf/basiclayer/pgfcoregraphicst
ate.code.tex
File: pgfcoregraphicstate.code.tex 2014/11/02  (rcs-revision 1.12)
\pgflinewidth=\dimen173
)
(/usr/local/texlive/2018/texmf-dist/tex/generic/pgf/basiclayer/pgfcoretransform
ations.code.tex
File: pgfcoretransformations.code.tex 2015/08/07  (rcs-revision 1.20)
\pgf@pt@x=\dimen174
\pgf@pt@y=\dimen175
\pgf@pt@temp=\dimen176
)
(/usr/local/texlive/2018/texmf-dist/tex/generic/pgf/basiclayer/pgfcorequick.cod
e.tex
File: pgfcorequick.code.tex 2008/10/09  (rcs-revision 1.3)
)
(/usr/local/texlive/2018/texmf-dist/tex/generic/pgf/basiclayer/pgfcoreobjects.c
ode.tex
File: pgfcoreobjects.code.tex 2006/10/11  (rcs-revision 1.2)
)
(/usr/local/texlive/2018/texmf-dist/tex/generic/pgf/basiclayer/pgfcorepathproce
ssing.code.tex
File: pgfcorepathprocessing.code.tex 2013/09/09  (rcs-revision 1.9)
)
(/usr/local/texlive/2018/texmf-dist/tex/generic/pgf/basiclayer/pgfcorearrows.co
de.tex
File: pgfcorearrows.code.tex 2015/05/14  (rcs-revision 1.43)
\pgfarrowsep=\dimen177
)
(/usr/local/texlive/2018/texmf-dist/tex/generic/pgf/basiclayer/pgfcoreshade.cod
e.tex
File: pgfcoreshade.code.tex 2013/07/15  (rcs-revision 1.15)
\pgf@max=\dimen178
\pgf@sys@shading@range@num=\count136
)
(/usr/local/texlive/2018/texmf-dist/tex/generic/pgf/basiclayer/pgfcoreimage.cod
e.tex
File: pgfcoreimage.code.tex 2013/07/15  (rcs-revision 1.18)

(/usr/local/texlive/2018/texmf-dist/tex/generic/pgf/basiclayer/pgfcoreexternal.
code.tex
File: pgfcoreexternal.code.tex 2014/07/09  (rcs-revision 1.21)
\pgfexternal@startupbox=\box35
))
(/usr/local/texlive/2018/texmf-dist/tex/generic/pgf/basiclayer/pgfcorelayers.co
de.tex
File: pgfcorelayers.code.tex 2013/07/18  (rcs-revision 1.7)
)
(/usr/local/texlive/2018/texmf-dist/tex/generic/pgf/basiclayer/pgfcoretranspare
ncy.code.tex
File: pgfcoretransparency.code.tex 2013/09/30  (rcs-revision 1.5)
)
(/usr/local/texlive/2018/texmf-dist/tex/generic/pgf/basiclayer/pgfcorepatterns.
code.tex
File: pgfcorepatterns.code.tex 2013/11/07  (rcs-revision 1.5)
)))
(/usr/local/texlive/2018/texmf-dist/tex/generic/pgf/modules/pgfmoduleshapes.cod
e.tex
File: pgfmoduleshapes.code.tex 2014/03/21  (rcs-revision 1.35)
\pgfnodeparttextbox=\box36
)
(/usr/local/texlive/2018/texmf-dist/tex/generic/pgf/modules/pgfmoduleplot.code.
tex
File: pgfmoduleplot.code.tex 2015/08/03  (rcs-revision 1.13)
)
(/usr/local/texlive/2018/texmf-dist/tex/latex/pgf/compatibility/pgfcomp-version
-0-65.sty
Package: pgfcomp-version-0-65 2007/07/03 v3.0.1a (rcs-revision 1.7)
\pgf@nodesepstart=\dimen179
\pgf@nodesepend=\dimen180
)
(/usr/local/texlive/2018/texmf-dist/tex/latex/pgf/compatibility/pgfcomp-version
-1-18.sty
Package: pgfcomp-version-1-18 2007/07/23 v3.0.1a (rcs-revision 1.1)
))
(/usr/local/texlive/2018/texmf-dist/tex/latex/pgf/utilities/pgffor.sty
(/usr/local/texlive/2018/texmf-dist/tex/latex/pgf/utilities/pgfkeys.sty
(/usr/local/texlive/2018/texmf-dist/tex/generic/pgf/utilities/pgfkeys.code.tex)
) (/usr/local/texlive/2018/texmf-dist/tex/latex/pgf/math/pgfmath.sty
(/usr/local/texlive/2018/texmf-dist/tex/generic/pgf/math/pgfmath.code.tex))
(/usr/local/texlive/2018/texmf-dist/tex/generic/pgf/utilities/pgffor.code.tex
Package: pgffor 2013/12/13 v3.0.1a (rcs-revision 1.25)

(/usr/local/texlive/2018/texmf-dist/tex/generic/pgf/math/pgfmath.code.tex)
\pgffor@iter=\dimen181
\pgffor@skip=\dimen182
\pgffor@stack=\toks39
\pgffor@toks=\toks40
))
(/usr/local/texlive/2018/texmf-dist/tex/generic/pgf/frontendlayer/tikz/tikz.cod
e.tex
Package: tikz 2015/08/07 v3.0.1a (rcs-revision 1.151)

(/usr/local/texlive/2018/texmf-dist/tex/generic/pgf/libraries/pgflibraryplothan
dlers.code.tex
File: pgflibraryplothandlers.code.tex 2013/08/31 v3.0.1a (rcs-revision 1.20)
\pgf@plot@mark@count=\count137
\pgfplotmarksize=\dimen183
)
\tikz@lastx=\dimen184
\tikz@lasty=\dimen185
\tikz@lastxsaved=\dimen186
\tikz@lastysaved=\dimen187
\tikzleveldistance=\dimen188
\tikzsiblingdistance=\dimen189
\tikz@figbox=\box37
\tikz@figbox@bg=\box38
\tikz@tempbox=\box39
\tikz@tempbox@bg=\box40
\tikztreelevel=\count138
\tikznumberofchildren=\count139
\tikznumberofcurrentchild=\count140
\tikz@fig@count=\count141

(/usr/local/texlive/2018/texmf-dist/tex/generic/pgf/modules/pgfmodulematrix.cod
e.tex
File: pgfmodulematrix.code.tex 2013/09/17  (rcs-revision 1.8)
\pgfmatrixcurrentrow=\count142
\pgfmatrixcurrentcolumn=\count143
\pgf@matrix@numberofcolumns=\count144
)
\tikz@expandcount=\count145

(/usr/local/texlive/2018/texmf-dist/tex/generic/pgf/frontendlayer/tikz/librarie
s/tikzlibrarytopaths.code.tex
File: tikzlibrarytopaths.code.tex 2008/06/17 v3.0.1a (rcs-revision 1.2)
))) (./lvblisting.sty)
(/usr/local/texlive/2018/texmf-dist/tex/latex/cooltooltips/cooltooltips.sty
Package: cooltooltips 2006/03/07 v1.0 Cool PDF tooltips
\ctip@content@box=\box41
)
(./colordef.sty) (/usr/local/texlive/2018/texmf-dist/tex/latex/float/float.sty
Package: float 2001/11/08 v1.3d Float enhancements (AL)
\c@float@type=\count146
\float@exts=\toks41
\float@box=\box42
\@float@everytoks=\toks42
\@floatcapt=\box43
) (/usr/local/texlive/2018/texmf-dist/tex/latex/subfig/subfig.sty
Package: subfig 2005/06/28 ver: 1.3 subfig package
\c@KVtest=\count147
\sf@farskip=\skip54
\sf@captopadj=\dimen190
\sf@capskip=\skip55
\sf@nearskip=\skip56
\c@subfigure=\count148
\c@subfigure@save=\count149
\c@lofdepth=\count150
\c@subtable=\count151
\c@subtable@save=\count152
\c@lotdepth=\count153
\sf@top=\skip57
\sf@bottom=\skip58
)
(/usr/local/texlive/2018/texmf-dist/tex/latex/koma-script/scrpage2.sty
Package: scrpage2 2018/03/30 v3.25 KOMA-Script package (page head and foot)


Package scrpage2 Warning: usage of obsolete package!
(scrpage2)                Package `scrpage2' is obsolete.
(scrpage2)                You should not longer use package `scrpage2'.
(scrpage2)                You should replace usage of package `scrpage2'
(scrpage2)                by `scrlayer-scrpage' on input line 52.

) (./seminar_paper.aux

LaTeX Warning: Label `figure:cluster_plot' multiply defined.


LaTeX Warning: Label `sub@figure:cluster_plot' multiply defined.

)
\openout1 = `seminar_paper.aux'.

LaTeX Font Info:    Checking defaults for OML/cmm/m/it on input line 99.
LaTeX Font Info:    ... okay on input line 99.
LaTeX Font Info:    Checking defaults for T1/cmr/m/n on input line 99.
LaTeX Font Info:    ... okay on input line 99.
LaTeX Font Info:    Checking defaults for OT1/cmr/m/n on input line 99.
LaTeX Font Info:    ... okay on input line 99.
LaTeX Font Info:    Checking defaults for OMS/cmsy/m/n on input line 99.
LaTeX Font Info:    ... okay on input line 99.
LaTeX Font Info:    Checking defaults for OMX/cmex/m/n on input line 99.
LaTeX Font Info:    ... okay on input line 99.
LaTeX Font Info:    Checking defaults for U/cmr/m/n on input line 99.
LaTeX Font Info:    ... okay on input line 99.
LaTeX Font Info:    Checking defaults for PD1/pdf/m/n on input line 99.
LaTeX Font Info:    ... okay on input line 99.
 (/usr/local/texlive/2018/texmf-dist/tex/context/base/mkii/supp-pdf.mkii
[Loading MPS to PDF converter (version 2006.09.02).]
\scratchcounter=\count154
\scratchdimen=\dimen191
\scratchbox=\box44
\nofMPsegments=\count155
\nofMParguments=\count156
\everyMPshowfont=\toks43
\MPscratchCnt=\count157
\MPscratchDim=\dimen192
\MPnumerator=\count158
\makeMPintoPDFobject=\count159
\everyMPtoPDFconversion=\toks44
) (/usr/local/texlive/2018/texmf-dist/tex/latex/oberdiek/epstopdf-base.sty
Package: epstopdf-base 2016/05/15 v2.6 Base part for package epstopdf

(/usr/local/texlive/2018/texmf-dist/tex/latex/oberdiek/grfext.sty
Package: grfext 2016/05/16 v1.2 Manage graphics extensions (HO)
)
Package epstopdf-base Info: Redefining graphics rule for `.eps' on input line 4
38.
Package grfext Info: Graphics extension search list:
(grfext)             [.pdf,.png,.jpg,.mps,.jpeg,.jbig2,.jb2,.PDF,.PNG,.JPG,.JPE
G,.JBIG2,.JB2,.eps]
(grfext)             \AppendGraphicsExtensions on input line 456.

(/usr/local/texlive/2018/texmf-dist/tex/latex/latexconfig/epstopdf-sys.cfg
File: epstopdf-sys.cfg 2010/07/13 v1.3 Configuration of (r)epstopdf for TeX Liv
e
))
\AtBeginShipoutBox=\box45
Package hyperref Info: Link coloring OFF on input line 99.

(/usr/local/texlive/2018/texmf-dist/tex/latex/hyperref/nameref.sty
Package: nameref 2016/05/21 v2.44 Cross-referencing by name of section

(/usr/local/texlive/2018/texmf-dist/tex/generic/oberdiek/gettitlestring.sty
Package: gettitlestring 2016/05/16 v1.5 Cleanup title references (HO)
)
\c@section@level=\count160
)
LaTeX Info: Redefining \ref on input line 99.
LaTeX Info: Redefining \pageref on input line 99.
LaTeX Info: Redefining \nameref on input line 99.

(./seminar_paper.out) (./seminar_paper.out)
\@outlinefile=\write4
\openout4 = `seminar_paper.out'.

Package caption Info: Begin \AtBeginDocument code.
Package caption Info: subfig package v1.3 is loaded.
Package caption Info: float package is loaded.
Package caption Info: listings package is loaded.
Package caption Info: End \AtBeginDocument code.
\c@lstlisting=\count161

ABD: EveryShipout initializing macros

Package scrpage2 Warning: seems you are using a very small headheight.
(scrpage2)                If you get overfull \vbox warnings at almost every
(scrpage2)                page, you should increase headheight e.g. writing
(scrpage2)                 \setlength{\headheight}{1.1\baselineskip}
(scrpage2)                into the preamble of your document.
(scrpage2)                A better solution would be to use typearea package.

(./titlepage.tex
<hulogo.pdf, id=96, 130.88197pt x 130.88197pt>
File: hulogo.pdf Graphic file (type pdf)
<use hulogo.pdf>
Package pdftex.def Info: hulogo.pdf  used on input line 3.
(pdftex.def)             Requested size: 117.79266pt x 117.79266pt.
) [1

{/usr/local/texlive/2018/texmf-var/fonts/map/pdftex/updmap/pdftex.map} <./hulog
o.pdf>] (./seminar_paper.toc
LaTeX Font Info:    Try loading font information for U+msa on input line 4.

(/usr/local/texlive/2018/texmf-dist/tex/latex/amsfonts/umsa.fd
File: umsa.fd 2013/01/14 v3.01 AMS symbols A
)
LaTeX Font Info:    Try loading font information for U+msb on input line 4.

(/usr/local/texlive/2018/texmf-dist/tex/latex/amsfonts/umsb.fd
File: umsb.fd 2013/01/14 v3.01 AMS symbols B
)
LaTeX Font Info:    Try loading font information for U+rsfs on input line 4.

(/usr/local/texlive/2018/texmf-dist/tex/latex/jknapltx/ursfs.fd
File: ursfs.fd 1998/03/24 rsfs font definition file (jk)
))
\tf@toc=\write5
\openout5 = `seminar_paper.toc'.


Overfull \vbox (6.78236pt too high) has occurred while \output is active []


[2] (./intro.tex)
Overfull \vbox (6.78236pt too high) has occurred while \output is active []

pdfTeX warning (ext4): destination with the same identifier (name{page.1}) has 
been already used, duplicate ignored
<to be read again> 
                   \relax 
l.129 \newpage
               [1

] (./data_preparation.tex
LaTeX Font Info:    Try loading font information for T1+cmtt on input line 9.

(/usr/local/texlive/2018/texmf-dist/tex/latex/base/t1cmtt.fd
File: t1cmtt.fd 2014/09/29 v2.5h Standard LaTeX font definitions
)
(/usr/local/texlive/2018/texmf-dist/tex/latex/listings/lstlang1.sty
File: lstlang1.sty 2015/06/04 1.6 listings language file
)
(/usr/local/texlive/2018/texmf-dist/tex/latex/listings/lstlang2.sty
File: lstlang2.sty 2015/06/04 1.6 listings language file
)
(/usr/local/texlive/2018/texmf-dist/tex/latex/listings/lstlang3.sty
File: lstlang3.sty 2015/06/04 1.6 listings language file
)
Package hyperref Info: bookmark level for unknown lstlisting defaults to 0 on i
nput line 18.

(../Berlin_Districts_Neighbourhoods/berlin_districts_neighbourhoods.R
Overfull \vbox (6.78236pt too high) has occurred while \output is active []

pdfTeX warning (ext4): destination with the same identifier (name{page.2}) has 
been already used, duplicate ignored
<to be read again> 
                   \relax 
l.26                   group 
                             = BEZNAME) %>% [2])
(../Berlin_Districts_Neighbourhoods/berlin_districts_neighbourhoods.R)
(../Berlin_Districts_Neighbourhoods/berlin_districts_neighbourhoods.R)
<berlin_district_leaflet.pdf, id=212, 995.72pt x 746.79pt>
File: berlin_district_leaflet.pdf Graphic file (type pdf)
<use berlin_district_leaflet.pdf>
Package pdftex.def Info: berlin_district_leaflet.pdf  used on input line 33.
(pdftex.def)             Requested size: 176.40439pt x 132.2969pt.
<berlin_district_ggplot.pdf, id=213, 514.92375pt x 493.845pt>
File: berlin_district_ggplot.pdf Graphic file (type pdf)
<use berlin_district_ggplot.pdf>
Package pdftex.def Info: berlin_district_ggplot.pdf  used on input line 34.
(pdftex.def)             Requested size: 176.40439pt x 169.17856pt.
<qletlogo.pdf, id=214, 198.49156pt x 205.26688pt>
File: qletlogo.pdf Graphic file (type pdf)
<use qletlogo.pdf>
Package pdftex.def Info: qletlogo.pdf  used on input line 35.
(pdftex.def)             Requested size: 9.92516pt x 10.26393pt.
File: qletlogo.pdf Graphic file (type pdf)
<use qletlogo.pdf>
Package pdftex.def Info: qletlogo.pdf  used on input line 35.
(pdftex.def)             Requested size: 9.92516pt x 10.26393pt.

Overfull \vbox (6.78236pt too high) has occurred while \output is active []


[3 <./berlin_district_leaflet.pdf> <./berlin_district_ggplot.pdf> <./qletlogo.p
df>]
<S_und_U-Bahnnetz_mit_Regionalbahn_Innenstadt.pdf, id=298, 1195.01462pt x 845.0
471pt>
File: S_und_U-Bahnnetz_mit_Regionalbahn_Innenstadt.pdf Graphic file (type pdf)
<use S_und_U-Bahnnetz_mit_Regionalbahn_Innenstadt.pdf>
Package pdftex.def Info: S_und_U-Bahnnetz_mit_Regionalbahn_Innenstadt.pdf  used
 on input line 46.
(pdftex.def)             Requested size: 352.8155pt x 249.49304pt.

Overfull \vbox (6.78236pt too high) has occurred while \output is active []


[4 <./S_und_U-Bahnnetz_mit_Regionalbahn_Innenstadt.pdf>]
(../Berlin_VBB_Zones/berlin_vbb_zones.R)
(../Berlin_VBB_Zones/berlin_vbb_zones.R)
Overfull \vbox (6.78236pt too high) has occurred while \output is active []


[5] (../Berlin_VBB_Zones/berlin_vbb_zones.R)
LaTeX Font Info:    Try loading font information for OMS+cmr on input line 69.

(/usr/local/texlive/2018/texmf-dist/tex/latex/base/omscmr.fd
File: omscmr.fd 2014/09/29 v2.5h Standard LaTeX font definitions
)
LaTeX Font Info:    Font shape `OMS/cmr/m/n' in size <10.95> not available
(Font)              Font shape `OMS/cmsy/m/n' tried instead on input line 69.

(../Berlin_VBB_Zones/berlin_vbb_zones.R)
<berlin_vbb_zones_leaflet.pdf, id=442, 995.72pt x 746.79pt>
File: berlin_vbb_zones_leaflet.pdf Graphic file (type pdf)
<use berlin_vbb_zones_leaflet.pdf>
Package pdftex.def Info: berlin_vbb_zones_leaflet.pdf  used on input line 85.
(pdftex.def)             Requested size: 176.40439pt x 132.2969pt.
<berlin_vbb_zones_ggplot.pdf, id=443, 514.92375pt x 414.54875pt>
File: berlin_vbb_zones_ggplot.pdf Graphic file (type pdf)
<use berlin_vbb_zones_ggplot.pdf>
Package pdftex.def Info: berlin_vbb_zones_ggplot.pdf  used on input line 86.
(pdftex.def)             Requested size: 176.40439pt x 142.01372pt.
File: qletlogo.pdf Graphic file (type pdf)
<use qletlogo.pdf>
Package pdftex.def Info: qletlogo.pdf  used on input line 87.
(pdftex.def)             Requested size: 9.92516pt x 10.26393pt.
File: qletlogo.pdf Graphic file (type pdf)
<use qletlogo.pdf>
Package pdftex.def Info: qletlogo.pdf  used on input line 87.
(pdftex.def)             Requested size: 9.92516pt x 10.26393pt.

Overfull \vbox (6.78236pt too high) has occurred while \output is active []


[6 <./berlin_vbb_zones_leaflet.pdf> <./berlin_vbb_zones_ggplot.pdf>]
(../Helpers/point_in_polygons.R)
Overfull \vbox (6.78236pt too high) has occurred while \output is active []


[7] (../Helpers/distance_count.R
Overfull \vbox (6.78236pt too high) has occurred while \output is active []


[8]) (../data_preparation.R)) (./eda.tex
Overfull \vbox (6.78236pt too high) has occurred while \output is active []


[9] (../Helpers/descriptive_statistics.R)
File: qletlogo.pdf Graphic file (type pdf)
<use qletlogo.pdf>
Package pdftex.def Info: qletlogo.pdf  used on input line 42.
(pdftex.def)             Requested size: 9.92516pt x 10.26393pt.
File: qletlogo.pdf Graphic file (type pdf)
<use qletlogo.pdf>
Package pdftex.def Info: qletlogo.pdf  used on input line 42.
(pdftex.def)             Requested size: 9.92516pt x 10.26393pt.

Overfull \vbox (6.78236pt too high) has occurred while \output is active []


[10] (../Helpers/descriptive_statistics.R
Overfull \vbox (6.78236pt too high) has occurred while \output is active []


[11])
<price_distribution_complete.pdf, id=698, 514.92375pt x 495.8525pt>
File: price_distribution_complete.pdf Graphic file (type pdf)
<use price_distribution_complete.pdf>
Package pdftex.def Info: price_distribution_complete.pdf  used on input line 59
.
(pdftex.def)             Requested size: 206.83012pt x 199.16928pt.
<price_distribution_nooutliers.pdf, id=699, 514.92375pt x 495.8525pt>
File: price_distribution_nooutliers.pdf Graphic file (type pdf)
<use price_distribution_nooutliers.pdf>
Package pdftex.def Info: price_distribution_nooutliers.pdf  used on input line 
60.
(pdftex.def)             Requested size: 206.83012pt x 199.16928pt.
File: qletlogo.pdf Graphic file (type pdf)
<use qletlogo.pdf>
Package pdftex.def Info: qletlogo.pdf  used on input line 61.
(pdftex.def)             Requested size: 9.92516pt x 10.26393pt.
File: qletlogo.pdf Graphic file (type pdf)
<use qletlogo.pdf>
Package pdftex.def Info: qletlogo.pdf  used on input line 61.
(pdftex.def)             Requested size: 9.92516pt x 10.26393pt.
<room_type_distribution.pdf, id=703, 514.92375pt x 495.8525pt>
File: room_type_distribution.pdf Graphic file (type pdf)
<use room_type_distribution.pdf>
Package pdftex.def Info: room_type_distribution.pdf  used on input line 70.
(pdftex.def)             Requested size: 220.50885pt x 212.33475pt.
File: qletlogo.pdf Graphic file (type pdf)
<use qletlogo.pdf>
Package pdftex.def Info: qletlogo.pdf  used on input line 71.
(pdftex.def)             Requested size: 9.92516pt x 10.26393pt.
File: qletlogo.pdf Graphic file (type pdf)
<use qletlogo.pdf>
Package pdftex.def Info: qletlogo.pdf  used on input line 71.
(pdftex.def)             Requested size: 9.92516pt x 10.26393pt.

Overfull \vbox (6.78236pt too high) has occurred while \output is active []


[12 <./price_distribution_complete.pdf> <./price_distribution_nooutliers.pdf>]
<price_avg_map.png, id=730, 1206.5075pt x 793.96625pt>
File: price_avg_map.png Graphic file (type png)
<use price_avg_map.png>
Package pdftex.def Info: price_avg_map.png  used on input line 80.
(pdftex.def)             Requested size: 264.61331pt x 174.12794pt.
File: qletlogo.pdf Graphic file (type pdf)
<use qletlogo.pdf>
Package pdftex.def Info: qletlogo.pdf  used on input line 81.
(pdftex.def)             Requested size: 9.92516pt x 10.26393pt.
File: qletlogo.pdf Graphic file (type pdf)
<use qletlogo.pdf>
Package pdftex.def Info: qletlogo.pdf  used on input line 81.
(pdftex.def)             Requested size: 9.92516pt x 10.26393pt.
)
Overfull \vbox (6.78236pt too high) has occurred while \output is active []


[13 <./room_type_distribution.pdf> <./price_avg_map.png>] (./price.tex
(../Helpers/from_row_to_col.R)
<price_correlation.pdf, id=751, 514.92375pt x 414.54875pt>
File: price_correlation.pdf Graphic file (type pdf)
<use price_correlation.pdf>
Package pdftex.def Info: price_correlation.pdf  used on input line 19.
(pdftex.def)             Requested size: 352.8155pt x 284.0464pt.
File: qletlogo.pdf Graphic file (type pdf)
<use qletlogo.pdf>
Package pdftex.def Info: qletlogo.pdf  used on input line 20.
(pdftex.def)             Requested size: 9.92516pt x 10.26393pt.
File: qletlogo.pdf Graphic file (type pdf)
<use qletlogo.pdf>
Package pdftex.def Info: qletlogo.pdf  used on input line 20.
(pdftex.def)             Requested size: 9.92516pt x 10.26393pt.

Overfull \vbox (6.78236pt too high) has occurred while \output is active []


[14]
Overfull \vbox (6.78236pt too high) has occurred while \output is active []


[15 <./price_correlation.pdf>]
<fittedactual.pdf, id=787, 514.92375pt x 493.845pt>
File: fittedactual.pdf Graphic file (type pdf)
<use fittedactual.pdf>
Package pdftex.def Info: fittedactual.pdf  used on input line 67.
(pdftex.def)             Requested size: 229.91426pt x 220.50885pt.
<qqplot.pdf, id=788, 514.92375pt x 493.845pt>
File: qqplot.pdf Graphic file (type pdf)
<use qqplot.pdf>
Package pdftex.def Info: qqplot.pdf  used on input line 69.
(pdftex.def)             Requested size: 229.91426pt x 220.50885pt.

Overfull \hbox (22.44135pt too wide) in paragraph at lines 67--70
 [][][][] 
 []

) (./cluster.tex
Overfull \vbox (6.78236pt too high) has occurred while \output is active []


[16 <./fittedactual.pdf> <./qqplot.pdf>]
Overfull \vbox (6.78236pt too high) has occurred while \output is active []


[17] (../Helpers/number_of_clusters.R) (../Helpers/number_of_clusters.R)
(../Helpers/number_of_clusters.R
Overfull \vbox (6.78236pt too high) has occurred while \output is active []


[18])
<numclusters.pdf, id=888, 514.92375pt x 495.8525pt>
File: numclusters.pdf Graphic file (type pdf)
<use numclusters.pdf>
Package pdftex.def Info: numclusters.pdf  used on input line 41.
(pdftex.def)             Requested size: 308.71104pt x 297.27924pt.
File: qletlogo.pdf Graphic file (type pdf)
<use qletlogo.pdf>
Package pdftex.def Info: qletlogo.pdf  used on input line 42.
(pdftex.def)             Requested size: 9.92516pt x 10.26393pt.
File: qletlogo.pdf Graphic file (type pdf)
<use qletlogo.pdf>
Package pdftex.def Info: qletlogo.pdf  used on input line 42.
(pdftex.def)             Requested size: 9.92516pt x 10.26393pt.

Overfull \vbox (6.78236pt too high) has occurred while \output is active []


[19 <./numclusters.pdf>]
<cluster_map.pdf, id=918, 514.92375pt x 493.845pt>
File: cluster_map.pdf Graphic file (type pdf)
<use cluster_map.pdf>
Package pdftex.def Info: cluster_map.pdf  used on input line 56.
(pdftex.def)             Requested size: 229.91426pt x 220.50885pt.
<cluster_plot.pdf, id=919, 514.92375pt x 493.845pt>
File: cluster_plot.pdf Graphic file (type pdf)
<use cluster_plot.pdf>
Package pdftex.def Info: cluster_plot.pdf  used on input line 58.
(pdftex.def)             Requested size: 229.91426pt x 220.50885pt.

Overfull \hbox (26.07188pt too wide) in paragraph at lines 56--59
 [][][][] 
 []

)
Overfull \vbox (6.78236pt too high) has occurred while \output is active []


[20 <./cluster_map.pdf> <./cluster_plot.pdf>] (./shiny.tex)
Overfull \vbox (6.78236pt too high) has occurred while \output is active []


[21] (./conc.tex)
Overfull \vbox (6.78236pt too high) has occurred while \output is active []


[22] (./seminar_paper.bbl
Underfull \hbox (badness 2158) in paragraph at lines 7--11
[]\T1/cmr/m/sc/10.95 Amt für Statis-tik Berlin-Brandenburg \T1/cmr/m/n/10.95 (2
019): ``Statis-tik Berlin-Brandenburg
 []


Underfull \hbox (badness 10000) in paragraph at lines 7--11
\T1/cmr/m/n/10.95 BerlinOpen-Data Ge-ome-trien,'' []$\T1/cmtt/m/n/10.95 https :
 / / www . statistik-[]berlin-[]brandenburg . de /
 []


Underfull \hbox (badness 6825) in paragraph at lines 48--51
[]\T1/cmr/m/sc/10.95 Insideairbnb \T1/cmr/m/n/10.95 (2019): ``In-sid-eairbnb Ge
t the Data,'' []$\T1/cmtt/m/n/10.95 http : / / insideairbnb . com /
 []


Underfull \hbox (badness 1024) in paragraph at lines 71--73
[]\T1/cmr/m/sc/10.95 Madhulatha, T. S. \T1/cmr/m/n/10.95 (2012): ``An overview 
on clus-ter-ing meth-ods,'' \T1/cmr/m/it/10.95 arXiv preprint
 []


Overfull \vbox (6.78236pt too high) has occurred while \output is active []


[23]
! Missing $ inserted.
<inserted text> 
                $
l.90 
     
I've inserted a begin-math/end-math symbol since I think
you left one out. Proceed, with fingers crossed.

! Missing } inserted.
<inserted text> 
                }
l.90 
     
I've inserted something that you may have forgotten.
(See the <inserted text> above.)
With luck, this will get me unwedged. But if you
really didn't forget anything, try typing `2' now; then
my insertion and my current dilemma will both disappear.

! Extra }, or forgotten \endgroup.
\par ...m \@noitemerr {\@@par }\fi \else {\@@par }
                                                  \fi 
l.90 
     
I've deleted a group-closing symbol because it seems to be
spurious, as in `$x}$'. But perhaps the } is legitimate and
you forgot something else, as in `\hbox{$x}'. In such cases
the way to recover is to insert both the forgotten and the
deleted material, e.g., by typing `I$}'.

)
Overfull \vbox (6.78236pt too high) has occurred while \output is active []


[24] (./code.tex
(..//Berlin_Districts_Neighbourhoods/berlin_districts_neighbourhoods.R
Overfull \vbox (6.78236pt too high) has occurred while \output is active []


[25])
(..//Berlin_Districts_Neighbourhoods/berlin_districts_neighbourhoods_maps.R
Overfull \vbox (6.78236pt too high) has occurred while \output is active []


[26]
Overfull \vbox (6.78236pt too high) has occurred while \output is active []


[27]) (../Berlin_VBB_Zones/berlin_vbb_zones.R
Overfull \vbox (6.78236pt too high) has occurred while \output is active []


[28]
Overfull \vbox (6.78236pt too high) has occurred while \output is active []


[29]) (../Berlin_VBB_Zones/berlin_vbb_zones_maps.R
Overfull \vbox (6.78236pt too high) has occurred while \output is active []


[30]
Overfull \vbox (6.78236pt too high) has occurred while \output is active []


[31]) (../data_preparation.R
Overfull \vbox (6.78236pt too high) has occurred while \output is active []


[32]
Overfull \vbox (6.78236pt too high) has occurred while \output is active []


[33]
Overfull \vbox (6.78236pt too high) has occurred while \output is active []


[34]
Overfull \vbox (6.78236pt too high) has occurred while \output is active []


[35]
Overfull \vbox (6.78236pt too high) has occurred while \output is active []


[36]
Overfull \vbox (6.78236pt too high) has occurred while \output is active []


[37]) (../exploratory_data_analysis.R
Overfull \vbox (6.78236pt too high) has occurred while \output is active []


[38]
Overfull \vbox (6.78236pt too high) has occurred while \output is active []


[39]
Overfull \vbox (6.78236pt too high) has occurred while \output is active []


[40]) (../price_analysis.R
Overfull \vbox (6.78236pt too high) has occurred while \output is active []


[41]
Overfull \vbox (6.78236pt too high) has occurred while \output is active []


[42]
Overfull \vbox (6.78236pt too high) has occurred while \output is active []


[43]
Overfull \vbox (6.78236pt too high) has occurred while \output is active []


[44]) (../clustering.R
Overfull \vbox (6.78236pt too high) has occurred while \output is active []


[45]
Overfull \vbox (6.78236pt too high) has occurred while \output is active []


[46]) (../shiny_preparation.R
Overfull \vbox (6.78236pt too high) has occurred while \output is active []


[47]
Overfull \vbox (6.78236pt too high) has occurred while \output is active []


[48]) (../Helpers/capwords.R) (../Helpers/correlation_plot.R
Overfull \vbox (6.78236pt too high) has occurred while \output is active []


[49]
Overfull \vbox (6.78236pt too high) has occurred while \output is active []


[50]) (../Helpers/descriptive_statistics.R
Overfull \vbox (6.78236pt too high) has occurred while \output is active []


[51]) (../Helpers/df_join_clean.R
Overfull \vbox (6.78236pt too high) has occurred while \output is active []


[52]
Overfull \vbox (6.78236pt too high) has occurred while \output is active []


[53]) (../Helpers/distance_count.R
Overfull \vbox (6.78236pt too high) has occurred while \output is active []


[54]) (../Helpers/distribution_plot.R
Overfull \vbox (6.78236pt too high) has occurred while \output is active []


[55]
Overfull \vbox (6.78236pt too high) has occurred while \output is active []


[56]
Overfull \vbox (6.78236pt too high) has occurred while \output is active []


[57]
Overfull \vbox (6.78236pt too high) has occurred while \output is active []


[58]) (../Helpers/from_row_to_col.R) (../Helpers/getmode.R)
(../Helpers/number_of_clusters.R
Overfull \vbox (6.78236pt too high) has occurred while \output is active []


[59]) (../Helpers/point_in_polygons.R
Overfull \vbox (6.78236pt too high) has occurred while \output is active []


[60]) (../Helpers/points_midpoint.R) (../Helpers/recode_all.R
Overfull \vbox (6.78236pt too high) has occurred while \output is active []


[61]) (../Helpers/summarize_df.R
Overfull \vbox (6.78236pt too high) has occurred while \output is active []


[62]) (../ShinyApp/Helpers/summary_stat_fact.R
Overfull \vbox (6.78236pt too high) has occurred while \output is active []


[63]) (../ShinyApp/Helpers/summary_stat_num.R
Overfull \vbox (6.78236pt too high) has occurred while \output is active []


[64]) (../Helpers/var_avg_map.R
Overfull \vbox (6.78236pt too high) has occurred while \output is active []


[65]) (../ShinyApp/ui.R
Overfull \vbox (6.78236pt too high) has occurred while \output is active []


[66]
Overfull \vbox (6.78236pt too high) has occurred while \output is active []


[67]
Overfull \vbox (6.78236pt too high) has occurred while \output is active []


[68]
Overfull \vbox (6.78236pt too high) has occurred while \output is active []


[69]
Overfull \vbox (6.78236pt too high) has occurred while \output is active []


[70]
Overfull \vbox (6.78236pt too high) has occurred while \output is active []


[71]
Overfull \vbox (6.78236pt too high) has occurred while \output is active []


[72]
Overfull \vbox (6.78236pt too high) has occurred while \output is active []


[73]
Overfull \vbox (6.78236pt too high) has occurred while \output is active []


[74]) (../ShinyApp/server.R
Overfull \vbox (6.78236pt too high) has occurred while \output is active []


[75]) (../ShinyApp/Server/introduction_server.R
Overfull \vbox (6.78236pt too high) has occurred while \output is active []


[76]
Overfull \vbox (6.78236pt too high) has occurred while \output is active []


[77]) (../ShinyApp/Server/maps_berlin_server.R
Overfull \vbox (6.78236pt too high) has occurred while \output is active []


[78]
Overfull \vbox (6.78236pt too high) has occurred while \output is active []


[79]
Overfull \vbox (6.78236pt too high) has occurred while \output is active []


[80]
Overfull \vbox (6.78236pt too high) has occurred while \output is active []


[81]
Overfull \vbox (6.78236pt too high) has occurred while \output is active []


[82]
Overfull \vbox (6.78236pt too high) has occurred while \output is active []


[83]
Overfull \vbox (6.78236pt too high) has occurred while \output is active []


[84]
Overfull \vbox (6.78236pt too high) has occurred while \output is active []


[85]
Overfull \vbox (6.78236pt too high) has occurred while \output is active []


[86]
Overfull \vbox (6.78236pt too high) has occurred while \output is active []


[87]
Overfull \vbox (6.78236pt too high) has occurred while \output is active []


[88]) (../ShinyApp/Server/maps_district_server.R
Overfull \vbox (6.78236pt too high) has occurred while \output is active []


[89]
Overfull \vbox (6.78236pt too high) has occurred while \output is active []


[90]
Overfull \vbox (6.78236pt too high) has occurred while \output is active []


[91]
Overfull \vbox (6.78236pt too high) has occurred while \output is active []


[92]
Overfull \vbox (6.78236pt too high) has occurred while \output is active []


[93]
Overfull \vbox (6.78236pt too high) has occurred while \output is active []


[94]
Overfull \vbox (6.78236pt too high) has occurred while \output is active []


[95]
Overfull \vbox (6.78236pt too high) has occurred while \output is active []


[96]
Overfull \vbox (6.78236pt too high) has occurred while \output is active []


[97]
Overfull \vbox (6.78236pt too high) has occurred while \output is active []


[98]
Overfull \vbox (6.78236pt too high) has occurred while \output is active []


[99]
Overfull \vbox (6.78236pt too high) has occurred while \output is active []


[100]) (../ShinyApp/Server/price_corr_server.R
Overfull \vbox (6.78236pt too high) has occurred while \output is active []


[101]) (../ShinyApp/Server/price_lm_server.R
Overfull \vbox (6.78236pt too high) has occurred while \output is active []


[102]
Overfull \vbox (6.78236pt too high) has occurred while \output is active []


[103]) (../ShinyApp/Server/clustering_server.R
Overfull \vbox (6.78236pt too high) has occurred while \output is active []


[104]
Overfull \vbox (6.78236pt too high) has occurred while \output is active []


[105]
Overfull \vbox (6.78236pt too high) has occurred while \output is active []


[106]
Overfull \vbox (6.78236pt too high) has occurred while \output is active []


[107]) (../ShinyApp/app.R
Overfull \vbox (6.78236pt too high) has occurred while \output is active []


[108]))
Overfull \vbox (6.78236pt too high) has occurred while \output is active []


[109] (./authorship.tex) [110]
Package atveryend Info: Empty hook `BeforeClearDocument' on input line 166.
Package atveryend Info: Empty hook `AfterLastShipout' on input line 166.
 (./seminar_paper.aux)
Package atveryend Info: Executing hook `AtVeryEndDocument' on input line 166.
Package atveryend Info: Executing hook `AtEndAfterFileList' on input line 166.
Package rerunfilecheck Info: File `seminar_paper.out' has not changed.
(rerunfilecheck)             Checksum: C5822FB8FD86B6CA8833616B65619CE0;1336.


LaTeX Warning: There were multiply-defined labels.

Package atveryend Info: Empty hook `AtVeryVeryEnd' on input line 166.
 ) 
Here is how much of TeX's memory you used:
 25296 strings out of 492649
 436198 string characters out of 6129621
 803184 words of memory out of 5000000
 25013 multiletter control sequences out of 15000+600000
 25753 words of font info for 60 fonts, out of 8000000 for 9000
 1141 hyphenation exceptions out of 8191
 55i,11n,54p,15177b,2604s stack positions out of 5000i,500n,10000p,200000b,80000s
{/usr/local/texlive/2018/texmf-dist/fonts/enc/dvips/cm-super/cm-super-t1.enc}
</usr/local/texlive/2018/texmf-dist/fonts/type1/public/amsfonts/cm/cmex10.pfb><
/usr/local/texlive/2018/texmf-dist/fonts/type1/public/amsfonts/cm/cmmi10.pfb></
usr/local/texlive/2018/texmf-dist/fonts/type1/public/amsfonts/cm/cmmi6.pfb></us
r/local/texlive/2018/texmf-dist/fonts/type1/public/amsfonts/cm/cmmi8.pfb></usr/
local/texlive/2018/texmf-dist/fonts/type1/public/amsfonts/cm/cmr10.pfb></usr/lo
cal/texlive/2018/texmf-dist/fonts/type1/public/amsfonts/cm/cmr8.pfb></usr/local
/texlive/2018/texmf-dist/fonts/type1/public/amsfonts/cm/cmsy10.pfb></usr/local/
texlive/2018/texmf-dist/fonts/type1/public/amsfonts/cm/cmsy8.pfb></usr/local/te
xlive/2018/texmf-dist/fonts/type1/public/cm-super/sfbx0800.pfb></usr/local/texl
ive/2018/texmf-dist/fonts/type1/public/cm-super/sfbx0900.pfb></usr/local/texliv
e/2018/texmf-dist/fonts/type1/public/cm-super/sfbx1095.pfb></usr/local/texlive/
2018/texmf-dist/fonts/type1/public/cm-super/sfbx1200.pfb></usr/local/texlive/20
18/texmf-dist/fonts/type1/public/cm-super/sfbx1440.pfb></usr/local/texlive/2018
/texmf-dist/fonts/type1/public/cm-super/sfbx2074.pfb></usr/local/texlive/2018/t
exmf-dist/fonts/type1/public/cm-super/sfcc1095.pfb></usr/local/texlive/2018/tex
mf-dist/fonts/type1/public/cm-super/sfcc1200.pfb></usr/local/texlive/2018/texmf
-dist/fonts/type1/public/cm-super/sfcc1440.pfb></usr/local/texlive/2018/texmf-d
ist/fonts/type1/public/cm-super/sfcc1728.pfb></usr/local/texlive/2018/texmf-dis
t/fonts/type1/public/cm-super/sfit0900.pfb></usr/local/texlive/2018/texmf-dist/
fonts/type1/public/cm-super/sfrm0900.pfb></usr/local/texlive/2018/texmf-dist/fo
nts/type1/public/cm-super/sfrm1095.pfb></usr/local/texlive/2018/texmf-dist/font
s/type1/public/cm-super/sfrm1200.pfb></usr/local/texlive/2018/texmf-dist/fonts/
type1/public/cm-super/sfrm1440.pfb></usr/local/texlive/2018/texmf-dist/fonts/ty
pe1/public/cm-super/sfsl1095.pfb></usr/local/texlive/2018/texmf-dist/fonts/type
1/public/cm-super/sfti1095.pfb></usr/local/texlive/2018/texmf-dist/fonts/type1/
public/cm-super/sfti1440.pfb></usr/local/texlive/2018/texmf-dist/fonts/type1/pu
blic/cm-super/sftt0800.pfb></usr/local/texlive/2018/texmf-dist/fonts/type1/publ
ic/cm-super/sftt0900.pfb></usr/local/texlive/2018/texmf-dist/fonts/type1/public
/cm-super/sftt1095.pfb>
Output written on seminar_paper.pdf (112 pages, 4915597 bytes).
PDF statistics:
 5437 PDF objects out of 6186 (max. 8388607)
 5096 compressed objects within 51 object streams
 3588 named destinations out of 4296 (max. 500000)
 284 words of extra memory for PDF output out of 10000 (max. 10000000)

