\BOOKMARK [1][-]{section.1}{Introduction}{}% 1
\BOOKMARK [1][-]{section.2}{Data Preparation}{}% 2
\BOOKMARK [2][-]{subsection.2.1}{Berlin neighbourhoods and districts}{section.2}% 3
\BOOKMARK [2][-]{subsection.2.2}{Berlin VBB Zones}{section.2}% 4
\BOOKMARK [2][-]{subsection.2.3}{Airbnb listings' attributes}{section.2}% 5
\BOOKMARK [1][-]{section.3}{Exploratory Data Analysis}{}% 6
\BOOKMARK [2][-]{subsection.3.1}{Descriptive statistics}{section.3}% 7
\BOOKMARK [2][-]{subsection.3.2}{Distribution plots}{section.3}% 8
\BOOKMARK [1][-]{section.4}{Price analysis}{}% 9
\BOOKMARK [2][-]{subsection.4.1}{Correlation with price}{section.4}% 10
\BOOKMARK [2][-]{subsection.4.2}{Linear regression on price}{section.4}% 11
\BOOKMARK [1][-]{section.5}{Clustering}{}% 12
\BOOKMARK [2][-]{subsection.5.1}{Choosing the number of clusters}{section.5}% 13
\BOOKMARK [2][-]{subsection.5.2}{k-means clustering}{section.5}% 14
\BOOKMARK [1][-]{section.6}{ShinyApp}{}% 15
\BOOKMARK [1][-]{section.7}{Results and Conclusions}{}% 16
\BOOKMARK [1][-]{section.7}{References}{}% 17
\BOOKMARK [1][-]{section*.15}{Appendix}{}% 18
\BOOKMARK [1][-]{appendix.A}{Code}{}% 19
\BOOKMARK [2][-]{subsection.A.1}{Data and analysis}{appendix.A}% 20
\BOOKMARK [2][-]{subsection.A.2}{Functions}{appendix.A}% 21
\BOOKMARK [2][-]{subsection.A.3}{ShinyApp}{appendix.A}% 22
